Build started 9/10/2015 6:26:52 PM.
     1>Project "C:\Users\Austin\Documents\COM Objects\DXWindow\DXWindow\DXWindow.vcxproj" on node 2 (Build target(s)).
     1>ClCompile:
         C:\Program Files (x86)\Microsoft Visual Studio 14.0\VC\bin\CL.exe /c /ZI /nologo /W3 /WX- /sdl /Od /Oy- /D _DXWINDOW_DLL_PROJECT /D _DXWINDOW_SUPPORT_12 /D _WINDLL /D _UNICODE /D UNICODE /Gm /EHsc /RTC1 /MDd /GS /fp:precise /Zc:wchar_t /Zc:forScope /Zc:inline /Fo"Debug12\\" /Fd"Debug12\vc140.pdb" /Gd /TP /analyze- /errorReport:prompt CDXWindow.cpp CDXWindow12.cpp DXWindow.cpp GamepadMessageDispatcher.cpp GamepadMessageDispatcher12.cpp Output.cpp Output12.cpp OutputEnum.cpp OutputEnum12.cpp SwapChainController.cpp SwapChainController12.cpp WindowMessageDispatcher.cpp WindowMessageDispatcher12.cpp
         WindowMessageDispatcher12.cpp
         WindowMessageDispatcher.cpp
         SwapChainController12.cpp
         SwapChainController.cpp
         OutputEnum12.cpp
         OutputEnum.cpp
         GamepadMessageDispatcher12.cpp
         GamepadMessageDispatcher.cpp
         DXWindow.cpp
         CDXWindow12.cpp
         CDXWindow.cpp
         Generating Code...
         Skipping... (no relevant changes detected)
         Output12.cpp
         Output.cpp
       Link:
         C:\Program Files (x86)\Microsoft Visual Studio 14.0\VC\bin\link.exe /ERRORREPORT:PROMPT /OUT:"C:\Users\Austin\Documents\COM Objects\DXWindow\Debug12\DXWindow.dll" /INCREMENTAL /NOLOGO kernel32.lib user32.lib gdi32.lib winspool.lib comdlg32.lib advapi32.lib shell32.lib ole32.lib oleaut32.lib uuid.lib odbc32.lib odbccp32.lib /MANIFEST /MANIFESTUAC:"level='asInvoker' uiAccess='false'" /manifest:embed /Debug /PDB:"C:\Users\Austin\Documents\COM Objects\DXWindow\Debug12\DXWindow.pdb" /TLBID:1 /DYNAMICBASE /NXCOMPAT /IMPLIB:"C:\Users\Austin\Documents\COM Objects\DXWindow\Debug12\DXWindow.lib" /MACHINE:X86 /DLL Debug12\CDXWindow.obj
         Debug12\CDXWindow12.obj
         Debug12\GamepadMessageDispatcher12.obj
         Debug12\Output12.obj
         Debug12\OutputEnum.obj
         Debug12\DXWindow.obj
         Debug12\GamepadMessageDispatcher.obj
         Debug12\Output.obj
         Debug12\OutputEnum12.obj
         Debug12\SwapChainController.obj
         Debug12\SwapChainController12.obj
         Debug12\WindowMessageDispatcher.obj
         Debug12\WindowMessageDispatcher12.obj
            Creating library C:\Users\Austin\Documents\COM Objects\DXWindow\Debug12\DXWindow.lib and object C:\Users\Austin\Documents\COM Objects\DXWindow\Debug12\DXWindow.exp
         DXWindow.vcxproj -> C:\Users\Austin\Documents\COM Objects\DXWindow\Debug12\DXWindow.dll
     1>Done Building Project "C:\Users\Austin\Documents\COM Objects\DXWindow\DXWindow\DXWindow.vcxproj" (Build target(s)).

Build succeeded.

Time Elapsed 00:00:13.70
