c:\users\austin\documents\com objects\dxwindow\dxwindow\debug\vc120.pdb
c:\users\austin\documents\com objects\dxwindow\dxwindow\debug\vc120.idb
c:\users\austin\documents\com objects\dxwindow\dxwindow\debug\cdxwindow.obj
c:\users\austin\documents\com objects\dxwindow\dxwindow\debug\cdxwindow12.obj
c:\users\austin\documents\com objects\dxwindow\dxwindow\debug\gamepadmessagedispatcher12.obj
c:\users\austin\documents\com objects\dxwindow\dxwindow\debug\output12.obj
c:\users\austin\documents\com objects\dxwindow\dxwindow\debug\outputenum.obj
c:\users\austin\documents\com objects\dxwindow\dxwindow\debug\dxwindow.obj
c:\users\austin\documents\com objects\dxwindow\dxwindow\debug\gamepadmessagedispatcher.obj
c:\users\austin\documents\com objects\dxwindow\dxwindow\debug\output.obj
c:\users\austin\documents\com objects\dxwindow\dxwindow\debug\outputenum12.obj
c:\users\austin\documents\com objects\dxwindow\dxwindow\debug\swapchaincontroller.obj
c:\users\austin\documents\com objects\dxwindow\dxwindow\debug\swapchaincontroller12.obj
c:\users\austin\documents\com objects\dxwindow\dxwindow\debug\windowmessagedispatcher.obj
c:\users\austin\documents\com objects\dxwindow\dxwindow\debug\windowmessagedispatcher12.obj
c:\users\austin\documents\com objects\dxwindow\debug\dxwindow.lib
c:\users\austin\documents\com objects\dxwindow\debug\dxwindow.exp
c:\users\austin\documents\com objects\dxwindow\debug\dxwindow.ilk
c:\users\austin\documents\com objects\dxwindow\debug\dxwindow.dll
c:\users\austin\documents\com objects\dxwindow\debug\dxwindow.pdb
c:\users\austin\documents\com objects\dxwindow\dxwindow\debug\dxwindow.tlog\cl.command.1.tlog
c:\users\austin\documents\com objects\dxwindow\dxwindow\debug\dxwindow.tlog\cl.read.1.tlog
c:\users\austin\documents\com objects\dxwindow\dxwindow\debug\dxwindow.tlog\cl.write.1.tlog
c:\users\austin\documents\com objects\dxwindow\dxwindow\debug\dxwindow.tlog\dxwindow.write.1u.tlog
c:\users\austin\documents\com objects\dxwindow\dxwindow\debug\dxwindow.tlog\link.command.1.tlog
c:\users\austin\documents\com objects\dxwindow\dxwindow\debug\dxwindow.tlog\link.read.1.tlog
c:\users\austin\documents\com objects\dxwindow\dxwindow\debug\dxwindow.tlog\link.write.1.tlog
