Build started 9/10/2015 6:25:50 PM.
     1>Project "C:\Users\Austin\Documents\COM Objects\DXWindow\DXWindow\DXWindow.vcxproj" on node 2 (Build target(s)).
     1>ClCompile:
         C:\Program Files (x86)\Microsoft Visual Studio 14.0\VC\bin\CL.exe /c /Zi /nologo /W3 /WX- /sdl /O2 /Oi /Oy- /GL /D _DXWINDOW_DLL_PROJECT /D _WINDLL /D _UNICODE /D UNICODE /Gm- /EHsc /MD /GS /Gy /fp:precise /Zc:wchar_t /Zc:forScope /Zc:inline /Fo"Release\\" /Fd"Release\vc140.pdb" /Gd /TP /analyze- /errorReport:prompt CDXWindow12.cpp DXWindow.cpp OutputEnum.cpp OutputEnum12.cpp SwapChainController12.cpp
         CDXWindow12.cpp
         DXWindow.cpp
         OutputEnum.cpp
         OutputEnum12.cpp
         SwapChainController12.cpp
       Link:
         C:\Program Files (x86)\Microsoft Visual Studio 14.0\VC\bin\link.exe /ERRORREPORT:PROMPT /OUT:"C:\Users\Austin\Documents\COM Objects\DXWindow\Release\DXWindow.dll" /NOLOGO kernel32.lib user32.lib gdi32.lib winspool.lib comdlg32.lib advapi32.lib shell32.lib ole32.lib oleaut32.lib uuid.lib odbc32.lib odbccp32.lib /MANIFEST /MANIFESTUAC:"level='asInvoker' uiAccess='false'" /manifest:embed /Debug /PDB:"C:\Users\Austin\Documents\COM Objects\DXWindow\Release\DXWindow.pdb" /OPT:REF /OPT:ICF /LTCG:incremental /TLBID:1 /DYNAMICBASE /NXCOMPAT /IMPLIB:"C:\Users\Austin\Documents\COM Objects\DXWindow\Release\DXWindow.lib" /MACHINE:X86 /SAFESEH /DLL Release\CDXWindow.obj
         Release\CDXWindow12.obj
         Release\GamepadMessageDispatcher12.obj
         Release\Output12.obj
         Release\OutputEnum.obj
         Release\DXWindow.obj
         Release\GamepadMessageDispatcher.obj
         Release\Output.obj
         Release\OutputEnum12.obj
         Release\SwapChainController.obj
         Release\SwapChainController12.obj
         Release\WindowMessageDispatcher.obj
         Release\WindowMessageDispatcher12.obj
            Creating library C:\Users\Austin\Documents\COM Objects\DXWindow\Release\DXWindow.lib and object C:\Users\Austin\Documents\COM Objects\DXWindow\Release\DXWindow.exp
         Generating code
         0 of 560 functions ( 0.0%) were compiled, the rest were copied from previous compilation.
           0 functions were new in current compilation
           0 functions had inline decision re-evaluated but remain unchanged
         Finished generating code
         DXWindow.vcxproj -> C:\Users\Austin\Documents\COM Objects\DXWindow\Release\DXWindow.dll
     1>Done Building Project "C:\Users\Austin\Documents\COM Objects\DXWindow\DXWindow\DXWindow.vcxproj" (Build target(s)).

Build succeeded.

Time Elapsed 00:00:03.66
